<?xml version="1.0" encoding="UTF-8"?>
<!-- Generated by org.testng.reporters.JUnitXMLReporter -->
<testsuite hostname="Pinkey" ignored="0" name="Test" tests="3" failures="0" timestamp="26 Feb 2021 18:56:21 GMT" time="54.079" errors="0">
  <testcase name="launchsite" time="7.525" classname="com.myJira.Tests.Login_Test"/>
  <testcase name="Login" time="7.938" classname="com.myJira.Tests.Login_Test"/>
  <testcase name="Logout" time="20.666" classname="com.myJira.Tests.Login_Test"/>
</testsuite> <!-- Test -->
