<?xml version="1.0" encoding="UTF-8"?>
<!-- Generated by org.testng.reporters.JUnitXMLReporter -->
<testsuite hostname="Pinkey" ignored="0" name="Test1" tests="3" failures="0" timestamp="26 Feb 2021 17:40:39 GMT" time="51.168" errors="0">
  <testcase name="launchsite" time="9.517" classname="com.myJira.Tests.Login_Test"/>
  <testcase name="Login" time="6.267" classname="com.myJira.Tests.Login_Test"/>
  <testcase name="Logout" time="22.391" classname="com.myJira.Tests.Login_Test"/>
</testsuite> <!-- Test1 -->
