<?xml version="1.0" encoding="UTF-8"?>
<!-- Generated by org.testng.reporters.JUnitXMLReporter -->
<testsuite hostname="Pinkey" ignored="0" name="Test" tests="3" failures="0" timestamp="26 Feb 2021 17:30:28 GMT" time="54.126" errors="0">
  <testcase name="launchsite" time="11.531" classname="com.myJira.Tests.Login_Test"/>
  <testcase name="Login" time="7.94" classname="com.myJira.Tests.Login_Test"/>
  <testcase name="Logout" time="21.677" classname="com.myJira.Tests.Login_Test"/>
</testsuite> <!-- Test -->
