<?xml version="1.0" encoding="UTF-8"?>
<!-- Generated by org.testng.reporters.JUnitXMLReporter -->
<testsuite hostname="Pinkey" ignored="0" name="Test" tests="5" failures="0" timestamp="16 Feb 2021 15:02:23 GMT" time="50.825" errors="0">
  <testcase name="launchsite" time="5.725" classname="com.myJira.Tests.GetProject_Test"/>
  <testcase name="launchsite" time="5.932" classname="com.myJira.Tests.CreateEpic_Test"/>
  <testcase name="launchsite" time="9.861" classname="com.myJira.Tests.CreateUserStory_Test"/>
  <testcase name="launchsite" time="12.241" classname="com.myJira.Tests.Login_Test"/>
  <testcase name="Login" time="8.327" classname="com.myJira.Tests.GetProject_Test"/>
</testsuite> <!-- Test -->
